<?xml version="1.0" encoding="UTF-8"?>
<testsuite name="ReverseStringTest" tests="5" skipped="0" failures="0" errors="0" timestamp="2018-05-02T15:25:35" hostname="johns-mbp.ad.here.com" time="0.019">
  <properties/>
  <testcase name="testAWord" classname="ReverseStringTest" time="0.017"/>
  <testcase name="testAnEmptyString" classname="ReverseStringTest" time="0.0"/>
  <testcase name="testACapitalizedWord" classname="ReverseStringTest" time="0.0"/>
  <testcase name="testASentenceWithPunctuation" classname="ReverseStringTest" time="0.001"/>
  <testcase name="testAPalindrome" classname="ReverseStringTest" time="0.0"/>
  <system-out><![CDATA[]]></system-out>
  <system-err><![CDATA[]]></system-err>
</testsuite>
